TN:
SF:C:\Users\famiglia\Desktop\WEB\ip-utility\src\cli.ts
FN:8,(anonymous_14)
FNF:1
FNH:0
FNDA:0,(anonymous_14)
DA:3,0
DA:4,0
DA:6,0
DA:8,0
DA:9,0
DA:28,0
DA:29,0
DA:30,0
DA:31,0
DA:32,0
DA:33,0
DA:35,0
DA:37,0
LF:13
LH:0
BRDA:28,0,0,0
BRDA:28,0,1,0
BRDA:28,1,0,0
BRDA:28,1,1,0
BRDA:31,2,0,0
BRDA:31,2,1,0
BRDA:33,3,0,0
BRDA:33,3,1,0
BRF:8
BRH:0
end_of_record
TN:
SF:C:\Users\famiglia\Desktop\WEB\ip-utility\src\index.ts
FNF:0
FNH:0
DA:1,0
DA:3,0
LF:2
LH:0
BRF:0
BRH:0
end_of_record
TN:
SF:C:\Users\famiglia\Desktop\WEB\ip-utility\src\ip-utility.ts
FN:7,parseInterface
FN:10,(anonymous_15)
FN:28,getPublic
FN:55,getPrivate
FN:71,(anonymous_20)
FN:83,(anonymous_21)
FN:86,(anonymous_22)
FNF:7
FNH:7
FNDA:2,parseInterface
FNDA:4,(anonymous_15)
FNDA:1,getPublic
FNDA:1,getPrivate
FNDA:1,(anonymous_20)
FNDA:2,(anonymous_21)
FNDA:4,(anonymous_22)
DA:1,1
DA:2,1
DA:3,1
DA:5,1
DA:8,2
DA:10,2
DA:11,4
DA:12,0
DA:15,4
DA:17,4
DA:18,4
DA:22,2
DA:28,1
DA:29,1
DA:55,1
DA:56,1
DA:57,1
DA:59,1
DA:60,1
DA:62,1
DA:66,1
DA:67,1
DA:68,1
DA:71,1
DA:73,1
DA:75,0
DA:79,1
DA:80,1
DA:82,1
DA:83,1
DA:84,2
DA:86,2
DA:87,4
DA:88,0
DA:91,4
DA:93,4
DA:94,4
DA:98,2
DA:100,1
DA:102,0
DA:106,1
DA:108,0
LF:42
LH:37
BRDA:11,0,0,0
BRDA:11,0,1,4
BRDA:18,1,0,2
BRDA:18,1,1,2
BRDA:29,2,0,1
BRDA:29,2,1,1
BRDA:55,3,0,0
BRDA:55,3,1,1
BRDA:66,4,0,1
BRDA:66,4,1,0
BRDA:68,5,0,1
BRDA:68,5,1,0
BRDA:73,6,0,1
BRDA:73,6,1,0
BRDA:79,7,0,1
BRDA:79,7,1,0
BRDA:82,8,0,1
BRDA:82,8,1,0
BRDA:87,9,0,0
BRDA:87,9,1,4
BRDA:94,10,0,2
BRDA:94,10,1,2
BRDA:100,11,0,0
BRDA:100,11,1,1
BRF:24
BRH:15
end_of_record
TN:
SF:C:\Users\famiglia\Desktop\WEB\ip-utility\src\utility.ts
FN:1,(anonymous_0)
FN:13,(anonymous_1)
FNF:2
FNH:1
FNDA:2,(anonymous_0)
FNDA:0,(anonymous_1)
DA:1,1
DA:2,2
DA:4,12
DA:5,12
DA:6,3
DA:10,2
DA:13,1
LF:7
LH:7
BRDA:5,0,0,3
BRDA:5,0,1,9
BRDA:13,1,0,0
BRDA:13,1,1,0
BRF:4
BRH:2
end_of_record
